Input file > Reading  100 bands at    174 k-points
Range:  -25.6880    4.2640eV  Emin, Emax > high-symmetry point:  0.0000 0.0000 0.0000   x coordinate   0.0000
high-symmetry point:  0.5000 0.0000 0.0000   x coordinate   0.5000
high-symmetry point:  0.0000 0.5000 0.0000   x coordinate   0.5000
high-symmetry point:  0.0000 0.0000 0.0000   x coordinate   1.0000
high-symmetry point:  0.0000 0.0000 0.5000   x coordinate   1.5000
high-symmetry point:  0.5000 0.5000 0.5000   x coordinate   1.5000
high-symmetry point:  0.0000 0.0000 0.0000   x coordinate   2.3660
high-symmetry point:  0.0000 0.5000 0.5000   x coordinate   3.0731
high-symmetry point:  0.5000 0.0000 0.5000   x coordinate   3.0731
high-symmetry point:  0.0000 0.0000 0.0000   x coordinate   3.7802
high-symmetry point:  0.5000 0.5000 0.0000   x coordinate   4.4873
high-symmetry point:  0.0000 0.0000 0.0000   x coordinate   4.4873
high-symmetry point: -0.5000 0.0000 0.0000   x coordinate   4.9873
high-symmetry point:  0.0000-0.5000 0.0000   x coordinate   4.9873
high-symmetry point:  0.0000 0.0000 0.0000   x coordinate   5.4873
high-symmetry point:  0.0000 0.0000-0.5000   x coordinate   5.9873
high-symmetry point: -0.5000-0.5000-0.5000   x coordinate   5.9873
high-symmetry point:  0.0000 0.0000 0.0000   x coordinate   6.8534
high-symmetry point:  0.0000-0.5000-0.5000   x coordinate   7.5605
high-symmetry point: -0.5000 0.0000-0.5000   x coordinate   7.5605
high-symmetry point:  0.0000 0.0000 0.0000   x coordinate   8.2676
high-symmetry point: -0.5000-0.5000 0.0000   x coordinate   8.9747
output file (xmgr) > bands in xmgr format written to file bands.xmgr                                                                                                                                                                                                                                                      
output file (ps) > Efermi > deltaE, reference E (for tics) bands in PostScript format written to file bands.ps                                                                                                                                                                                                                                                        
